[2019-06-22 15:57:26,085] - [MainThread] - [UserManageV3.py-line:66] [DEBUG] username: 51rebot, password: 1234, Login failed.
[2019-06-22 15:57:32,876] - [MainThread] - [UserManageV3.py-line:66] [DEBUG] username: 51reboot, password: 123456, Login succ.
[2019-06-22 15:57:34,029] - [MainThread] - [UserManageV3.py-line:66] [DEBUG] load succ.
[2019-06-22 15:57:45,244] - [MainThread] - [UserManageV3.py-line:66] [DEBUG] è¾“å…¥æŒ‡ä»¤é”™è¯¯ï¼Œè¯·è¾“å…¥ help æŸ¥çœ‹å¸®åŠ©.
[2019-06-22 15:57:48,037] - [MainThread] - [UserManageV3.py-line:66] [DEBUG] ç”¨æˆ·ä¿¡æ¯ [31;1mbob[0m å·²åŠ å…¥é˜Ÿåˆ—.
[2019-06-22 15:57:52,646] - [MainThread] - [UserManageV3.py-line:66] [DEBUG] ç”¨æˆ·ä¿¡æ¯ [31;1myfshare[0m å·²åŠ å…¥é˜Ÿåˆ—.
[2019-06-22 15:57:58,845] - [MainThread] - [UserManageV3.py-line:66] [DEBUG] load succ.
[2019-06-22 15:57:58,846] - [MainThread] - [UserManageV3.py-line:66] [DEBUG] ç”¨æˆ·ID stu1 å·²å­˜åœ¨,ä¿¡æ¯[1;31må½•å…¥å¤±è´¥[0m.
[2019-06-22 15:57:58,847] - [MainThread] - [UserManageV3.py-line:66] [DEBUG] ç”¨æˆ·ID stu102 ä¿¡æ¯[1;31må·²ä¿å­˜[0m.
[2019-06-22 15:58:00,828] - [MainThread] - [UserManageV3.py-line:66] [DEBUG] è¾“å…¥æŒ‡ä»¤é”™è¯¯ï¼Œè¯·è¾“å…¥ help æŸ¥çœ‹å¸®åŠ©.
[2019-06-22 15:58:17,262] - [MainThread] - [UserManageV3.py-line:66] [DEBUG] load succ.
[2019-06-22 15:58:17,264] - [MainThread] - [UserManageV3.py-line:66] [DEBUG] ç”¨æˆ·ä¿¡æ¯å¯¼å‡ºåˆ° [31;1mStuInfo.csv[0m æˆåŠŸ
[2019-06-22 15:58:24,630] - [MainThread] - [UserManageV3.py-line:66] [DEBUG] load succ.
[2019-06-22 15:58:24,630] - [MainThread] - [UserManageV3.py-line:66] [DEBUG] å½“å‰ä¸€å…±æœ‰ 19 æ¡ç”¨æˆ·æ•°æ®.
[2019-06-22 15:58:24,631] - [MainThread] - [UserManageV3.py-line:66] [DEBUG] å½“å‰ç¬¬ 1 é¡µ, ä» 0 è¡Œå¼€å§‹è¯»å–, æ¯é¡µæ˜¾ç¤º 5 è¡Œ
[2019-06-22 15:58:24,632] - [MainThread] - [UserManageV3.py-line:66] [DEBUG] å½“å‰ç¬¬ 1 é¡µ, ä¸€å…± 4 é¡µ.
[2019-06-22 15:58:24,632] - [MainThread] - [UserManageV3.py-line:66] [DEBUG] è¯·æŒ‰å›è½¦ç¿»é¡µ: 
[2019-06-22 15:58:25,245] - [MainThread] - [UserManageV3.py-line:66] [DEBUG] å½“å‰ç¬¬ 2 é¡µ, ä¸€å…± 4 é¡µ.
[2019-06-22 15:58:25,246] - [MainThread] - [UserManageV3.py-line:66] [DEBUG] è¯·æŒ‰å›è½¦ç¿»é¡µ: 
[2019-06-22 15:58:25,733] - [MainThread] - [UserManageV3.py-line:66] [DEBUG] å½“å‰ç¬¬ 3 é¡µ, ä¸€å…± 4 é¡µ.
[2019-06-22 15:58:25,734] - [MainThread] - [UserManageV3.py-line:66] [DEBUG] è¯·æŒ‰å›è½¦ç¿»é¡µ: 
[2019-06-22 15:58:26,213] - [MainThread] - [UserManageV3.py-line:66] [DEBUG] å½“å‰ç¬¬ 4 é¡µ, ä¸€å…± 4 é¡µ.
[2019-06-22 15:58:26,214] - [MainThread] - [UserManageV3.py-line:66] [DEBUG] åˆ°åº•äº†.
[2019-06-22 15:58:29,932] - [MainThread] - [UserManageV3.py-line:66] [DEBUG] exit succ.
[2019-06-22 16:04:00,494] - [MainThread] - [UserManageV3.py-line:66] [DEBUG] username: 51reboot, password: 123456, Login succ.
[2019-06-22 16:06:10,470] - [MainThread] - [UserManageV3.py-line:66] [DEBUG] username: 51reboot, password: 1234567, Login failed.
[2019-06-22 16:06:14,333] - [MainThread] - [UserManageV3.py-line:66] [DEBUG] username: 51reboot, password: 12345676, Login failed.
[2019-06-22 16:06:18,943] - [MainThread] - [UserManageV3.py-line:66] [DEBUG] username: 51reboot, password: 123456, Login succ.
[2019-06-22 16:06:20,735] - [MainThread] - [UserManageV3.py-line:66] [DEBUG] load succ.
[2019-06-22 16:07:26,790] - [MainThread] - [UserManageV3.py-line:66] [DEBUG] username: 51rebot, password: 123456, Login failed.
[2019-06-22 16:07:30,584] - [MainThread] - [UserManageV3.py-line:66] [DEBUG] username: 51reboot, password: 123456, Login succ.
