[2019-06-25 23:06:33,156] - [MainThread] - [user_manage_v4.py-line:34] [DEBUG] joe login success!
[2019-06-25 23:08:12,712] - [MainThread] - [user_manage_v4.py-line:34] [DEBUG] joe login success!
[2019-06-25 23:09:34,446] - [MainThread] - [user_manage_v4.py-line:34] [DEBUG] joe login success!
[2019-06-25 23:09:45,780] - [MainThread] - [user_manage_v4.py-line:34] [DEBUG] joe delete joe3
[2019-06-27 00:31:03,129] - [MainThread] - [user_manage_v4.py-line:126] [DEBUG] joe login success!
[2019-06-27 00:37:26,334] - [MainThread] - [user_manage_v4.py-line:126] [DEBUG] joe login success!
[2019-06-27 00:38:48,533] - [MainThread] - [user_manage_v4.py-line:125] [DEBUG] joe login success!
[2019-06-27 00:41:41,347] - [MainThread] - [user_manage_v4.py-line:126] [DEBUG] joe login success!
[2019-06-27 00:42:48,323] - [MainThread] - [user_manage_v4.py-line:126] [DEBUG] joe login success!
[2019-06-27 00:45:04,274] - [MainThread] - [user_manage_v4.py-line:126] [DEBUG] joe login success!
[2019-06-27 00:45:41,314] - [MainThread] - [user_manage_v4.py-line:126] [DEBUG] joe login success!
[2019-06-27 00:46:40,310] - [MainThread] - [user_manage_v4.py-line:126] [DEBUG] joe login success!
[2019-06-27 00:54:47,812] - [MainThread] - [user_manage_v4.py-line:126] [DEBUG] joe login success!
[2019-06-27 09:34:07,892] - [MainThread] - [user_manage_v4.py-line:126] [DEBUG] joe login success!
[2019-06-27 09:36:29,832] - [MainThread] - [user_manage_v4.py-line:126] [DEBUG] joe login success!
[2019-06-27 09:37:45,563] - [MainThread] - [user_manage_v4.py-line:126] [DEBUG] joe login success!
[2019-06-27 09:42:48,274] - [MainThread] - [user_manage_v4.py-line:126] [DEBUG] joe login success!
[2019-06-27 09:44:21,447] - [MainThread] - [user_manage_v4.py-line:125] [DEBUG] joe login success!
[2019-06-27 11:31:25,020] - [MainThread] - [user_manage_v4.py-line:127] [DEBUG] joe login success!
[2019-06-27 11:33:27,392] - [MainThread] - [user_manage_v4.py-line:129] [DEBUG] joe login success!
[2019-06-27 11:34:54,405] - [MainThread] - [user_manage_v4.py-line:129] [DEBUG] joe login success!
[2019-06-27 11:37:52,522] - [MainThread] - [user_manage_v4.py-line:130] [DEBUG] joe login success!
[2019-06-27 11:38:21,888] - [MainThread] - [user_manage_v4.py-line:131] [DEBUG] joe login success!
[2019-06-27 11:46:51,809] - [MainThread] - [user_manage_v4.py-line:130] [DEBUG] joe login success!
[2019-06-27 11:47:13,336] - [MainThread] - [user_manage_v4.py-line:131] [DEBUG] joe login success!
[2019-06-27 11:48:43,802] - [MainThread] - [user_manage_v4.py-line:130] [DEBUG] joe login success!
[2019-06-27 11:50:06,543] - [MainThread] - [user_manage_v4.py-line:130] [DEBUG] joe login success!
[2019-06-27 11:52:18,202] - [MainThread] - [user_manage_v4.py-line:130] [DEBUG] joe login success!
[2019-06-27 11:54:41,297] - [MainThread] - [user_manage_v4.py-line:130] [DEBUG] joe login success!
[2019-06-27 11:56:29,729] - [MainThread] - [user_manage_v4.py-line:130] [DEBUG] joe login success!
[2019-06-27 11:58:06,758] - [MainThread] - [user_manage_v4.py-line:130] [DEBUG] joe login success!
[2019-06-27 12:01:00,534] - [MainThread] - [user_manage_v4.py-line:130] [DEBUG] joe login success!
[2019-06-27 12:03:55,321] - [MainThread] - [user_manage_v4.py-line:135] [DEBUG] joe login success!
[2019-06-27 12:41:09,904] - [MainThread] - [user_manage_v4.py-line:135] [DEBUG] joe login success!
[2019-06-27 12:44:15,091] - [MainThread] - [user_manage_v4.py-line:135] [DEBUG] joe login success!
[2019-06-27 12:45:58,209] - [MainThread] - [user_manage_v4.py-line:135] [DEBUG] joe login success!
[2019-06-27 12:46:25,772] - [MainThread] - [user_manage_v4.py-line:135] [DEBUG] joe login success!
[2019-06-27 12:47:06,550] - [MainThread] - [user_manage_v4.py-line:135] [DEBUG] joe login success!
[2019-06-27 12:51:42,957] - [MainThread] - [user_manage_v4.py-line:135] [DEBUG] joe login success!
[2019-06-27 12:52:17,370] - [MainThread] - [user_manage_v4.py-line:135] [DEBUG] joe login success!
[2019-06-27 12:54:22,943] - [MainThread] - [user_manage_v4.py-line:135] [DEBUG] joe login success!
[2019-06-27 12:55:02,823] - [MainThread] - [user_manage_v4.py-line:135] [DEBUG] joe login success!
[2019-06-27 12:55:22,492] - [MainThread] - [user_manage_v4.py-line:135] [DEBUG] joe login success!
[2019-06-27 12:58:11,671] - [MainThread] - [user_manage_v4.py-line:136] [DEBUG] joe login success!
[2019-06-27 13:00:20,144] - [MainThread] - [user_manage_v4.py-line:136] [DEBUG] joe login success!
[2019-06-27 13:03:33,162] - [MainThread] - [user_manage_v4.py-line:136] [DEBUG] joe login success!
[2019-06-27 13:04:12,099] - [MainThread] - [user_manage_v4.py-line:136] [DEBUG] joe login success!
[2019-06-27 13:14:03,840] - [MainThread] - [user_manage_v4.py-line:136] [DEBUG] joe login success!
[2019-06-27 13:18:44,009] - [MainThread] - [user_manage_v4.py-line:136] [DEBUG] joe login success!
[2019-06-27 13:22:21,252] - [MainThread] - [user_manage_v4.py-line:136] [DEBUG] joe login success!
[2019-06-27 13:25:00,439] - [MainThread] - [user_manage_v4.py-line:136] [DEBUG] joe login success!
[2019-06-27 13:26:41,538] - [MainThread] - [user_manage_v4.py-line:136] [DEBUG] joe login success!
[2019-06-27 13:27:11,588] - [MainThread] - [user_manage_v4.py-line:136] [DEBUG] joe login success!
[2019-06-27 13:28:30,571] - [MainThread] - [user_manage_v4.py-line:137] [DEBUG] joe login success!
[2019-06-27 13:29:03,752] - [MainThread] - [user_manage_v4.py-line:137] [DEBUG] joe login success!
[2019-06-27 13:30:03,582] - [MainThread] - [user_manage_v4.py-line:137] [DEBUG] joe login success!
[2019-06-27 13:33:16,002] - [MainThread] - [user_manage_v4.py-line:137] [DEBUG] joe login success!
[2019-06-27 13:37:56,877] - [MainThread] - [user_manage_v4.py-line:137] [DEBUG] joe login success!
[2019-06-27 14:02:14,913] - [MainThread] - [user_manage_v4.py-line:137] [DEBUG] joe login success!
[2019-06-27 14:05:25,596] - [MainThread] - [user_manage_v4.py-line:136] [DEBUG] joe login success!
[2019-06-27 14:49:58,848] - [MainThread] - [user_manage_v4.py-line:135] [DEBUG] joe login success!
[2019-06-27 15:02:43,127] - [MainThread] - [user_manage_v4.py-line:135] [DEBUG] joe login success!
[2019-06-27 15:04:19,688] - [MainThread] - [user_manage_v4.py-line:135] [DEBUG] joe login success!
[2019-06-27 15:08:13,757] - [MainThread] - [user_manage_v4.py-line:135] [DEBUG] joe login success!
[2019-06-27 15:17:36,236] - [MainThread] - [user_manage_v4.py-line:136] [DEBUG] joe login success!
[2019-06-27 15:19:14,043] - [MainThread] - [user_manage_v4.py-line:136] [DEBUG] joe login success!
[2019-06-27 15:26:19,431] - [MainThread] - [user_manage_v4.py-line:137] [DEBUG] joe login success!
[2019-06-27 15:28:27,636] - [MainThread] - [user_manage_v4.py-line:139] [DEBUG] joe login success!
[2019-06-27 15:31:03,443] - [MainThread] - [user_manage_v4.py-line:140] [DEBUG] joe login success!
[2019-06-27 15:35:22,175] - [MainThread] - [user_manage_v4.py-line:140] [DEBUG] joe login success!
[2019-06-27 15:50:02,136] - [MainThread] - [user_manage_v4.py-line:141] [DEBUG] joe login success!
[2019-06-27 15:50:39,672] - [MainThread] - [user_manage_v4.py-line:141] [DEBUG] joe login success!
[2019-06-27 15:52:36,407] - [MainThread] - [user_manage_v4.py-line:142] [DEBUG] joe login success!
[2019-06-27 15:55:51,362] - [MainThread] - [user_manage_v4.py-line:142] [DEBUG] joe login success!
[2019-06-27 15:56:33,939] - [MainThread] - [user_manage_v4.py-line:142] [DEBUG] joe login success!
[2019-06-27 15:57:36,153] - [MainThread] - [user_manage_v4.py-line:142] [DEBUG] joe login success!
[2019-06-27 15:59:54,969] - [MainThread] - [user_manage_v4.py-line:142] [DEBUG] joe login success!
[2019-06-27 16:00:56,001] - [MainThread] - [user_manage_v4.py-line:142] [DEBUG] joe login success!
[2019-06-27 16:04:48,023] - [MainThread] - [user_manage_v4.py-line:144] [DEBUG] joe login success!
[2019-06-27 16:06:27,460] - [MainThread] - [user_manage_v4.py-line:144] [DEBUG] joe login success!
[2019-06-27 16:12:00,429] - [MainThread] - [user_manage_v4.py-line:143] [DEBUG] joe login success!
[2019-06-27 16:14:03,399] - [MainThread] - [user_manage_v4.py-line:143] [DEBUG] joe login success!
[2019-06-27 16:14:35,918] - [MainThread] - [user_manage_v4.py-line:143] [DEBUG] joe login success!
[2019-06-27 16:15:00,122] - [MainThread] - [user_manage_v4.py-line:143] [DEBUG] joe login success!
[2019-06-27 16:16:03,462] - [MainThread] - [user_manage_v4.py-line:143] [DEBUG] joe login success!
[2019-06-27 16:16:49,356] - [MainThread] - [user_manage_v4.py-line:143] [DEBUG] joe login success!
[2019-06-27 16:17:51,550] - [MainThread] - [user_manage_v4.py-line:143] [DEBUG] joe login success!
[2019-06-27 16:19:13,969] - [MainThread] - [user_manage_v4.py-line:143] [DEBUG] joe login success!
[2019-06-27 16:19:46,769] - [MainThread] - [user_manage_v4.py-line:143] [DEBUG] joe login success!
[2019-06-27 16:20:11,319] - [MainThread] - [user_manage_v4.py-line:143] [DEBUG] joe login success!
[2019-06-27 16:20:30,011] - [MainThread] - [user_manage_v4.py-line:143] [DEBUG] joe login success!
[2019-06-27 16:21:07,827] - [MainThread] - [user_manage_v4.py-line:143] [DEBUG] joe login success!
[2019-06-27 16:21:35,776] - [MainThread] - [user_manage_v4.py-line:143] [DEBUG] joe login success!
[2019-06-27 16:26:18,288] - [MainThread] - [user_manage_v4.py-line:144] [DEBUG] joe login success!
[2019-06-27 16:27:03,489] - [MainThread] - [user_manage_v4.py-line:144] [DEBUG] joe login success!
[2019-06-27 16:28:33,788] - [MainThread] - [user_manage_v4.py-line:142] [DEBUG] joe login success!
[2019-06-27 16:29:35,073] - [MainThread] - [user_manage_v4.py-line:142] [DEBUG] joe login success!
[2019-06-27 16:33:07,387] - [MainThread] - [user_manage_v4.py-line:142] [DEBUG] joe login success!
[2019-06-27 16:35:02,488] - [MainThread] - [user_manage_v4.py-line:155] [DEBUG] joe login success!
[2019-06-27 16:36:13,703] - [MainThread] - [user_manage_v4.py-line:155] [DEBUG] joe login success!
[2019-06-27 16:36:53,374] - [MainThread] - [user_manage_v4.py-line:155] [DEBUG] joe login success!
[2019-06-27 16:38:04,959] - [MainThread] - [user_manage_v4.py-line:155] [DEBUG] joe login success!
[2019-06-27 16:39:06,995] - [MainThread] - [user_manage_v4.py-line:155] [DEBUG] joe login success!
[2019-06-27 16:39:28,125] - [MainThread] - [user_manage_v4.py-line:155] [DEBUG] joe login success!
[2019-06-27 16:42:02,677] - [MainThread] - [user_manage_v4.py-line:155] [DEBUG] joe login success!
[2019-06-27 16:42:30,712] - [MainThread] - [user_manage_v4.py-line:155] [DEBUG] joe login success!
[2019-06-27 16:43:35,650] - [MainThread] - [user_manage_v4.py-line:142] [DEBUG] joe login success!
[2019-06-27 16:44:55,489] - [MainThread] - [user_manage_v4.py-line:141] [DEBUG] joe login success!
[2019-06-27 16:48:53,632] - [MainThread] - [user_manage_v4.py-line:140] [DEBUG] joe login success!
[2019-06-27 16:49:55,941] - [MainThread] - [user_manage_v4.py-line:141] [DEBUG] joe login success!
[2019-06-27 16:51:55,424] - [MainThread] - [user_manage_v4.py-line:143] [DEBUG] joe login success!
[2019-06-27 16:52:35,182] - [MainThread] - [user_manage_v4.py-line:143] [DEBUG] joe login success!
[2019-06-27 16:53:19,358] - [MainThread] - [user_manage_v4.py-line:143] [DEBUG] joe login success!
[2019-06-27 17:06:52,312] - [MainThread] - [user_manage_v4.py-line:143] [DEBUG] joe login success!
[2019-06-27 17:08:02,644] - [MainThread] - [user_manage_v4.py-line:143] [DEBUG] joe login success!
[2019-06-27 17:08:58,108] - [MainThread] - [user_manage_v4.py-line:143] [DEBUG] joe login success!
[2019-06-27 17:09:37,889] - [MainThread] - [user_manage_v4.py-line:143] [DEBUG] joe login success!
[2019-06-27 17:11:43,869] - [MainThread] - [user_manage_v4.py-line:143] [DEBUG] joe login success!
[2019-06-27 17:15:50,045] - [MainThread] - [user_manage_v4.py-line:143] [DEBUG] joe login success!
[2019-06-27 17:17:04,215] - [MainThread] - [user_manage_v4.py-line:143] [DEBUG] joe login success!
[2019-06-27 17:34:11,470] - [MainThread] - [user_manage_v4.py-line:143] [DEBUG] joe login success!
[2019-06-27 17:35:31,380] - [MainThread] - [user_manage_v4.py-line:143] [DEBUG] joe login success!
[2019-06-27 17:49:41,367] - [MainThread] - [user_manage_v4.py-line:143] [DEBUG] joe login success!
[2019-06-27 17:50:25,273] - [MainThread] - [user_manage_v4.py-line:143] [DEBUG] joe login success!
[2019-06-27 17:53:25,896] - [MainThread] - [user_manage_v4.py-line:143] [DEBUG] joe login success!
[2019-06-27 21:13:25,498] - [MainThread] - [user_manage_v4.py-line:143] [DEBUG] joe login success!
[2019-06-27 21:14:18,415] - [MainThread] - [user_manage_v4.py-line:143] [DEBUG] joe login success!
[2019-06-27 21:16:09,466] - [MainThread] - [user_manage_v4.py-line:143] [DEBUG] joe login success!
[2019-06-27 21:18:03,893] - [MainThread] - [user_manage_v4.py-line:144] [DEBUG] joe login success!
[2019-06-27 21:19:24,730] - [MainThread] - [user_manage_v4.py-line:144] [DEBUG] joe login success!
[2019-06-27 21:19:53,104] - [MainThread] - [user_manage_v4.py-line:144] [DEBUG] joe login success!
[2019-06-27 21:21:17,328] - [MainThread] - [user_manage_v4.py-line:144] [DEBUG] joe login success!
[2019-06-27 21:22:39,397] - [MainThread] - [user_manage_v4.py-line:144] [DEBUG] joe login success!
[2019-06-27 21:23:49,375] - [MainThread] - [user_manage_v4.py-line:144] [DEBUG] joe login success!
[2019-06-27 21:25:57,775] - [MainThread] - [user_manage_v4.py-line:144] [DEBUG] joe login success!
[2019-06-27 21:27:35,655] - [MainThread] - [user_manage_v4.py-line:144] [DEBUG] joe login success!
[2019-06-27 21:29:23,471] - [MainThread] - [user_manage_v4.py-line:144] [DEBUG] joe login success!
[2019-06-27 21:30:19,542] - [MainThread] - [user_manage_v4.py-line:144] [DEBUG] joe login success!
[2019-06-27 21:30:38,443] - [MainThread] - [user_manage_v4.py-line:144] [DEBUG] joe login success!
[2019-06-27 21:31:34,827] - [MainThread] - [user_manage_v4.py-line:144] [DEBUG] joe login success!
[2019-06-27 21:35:23,231] - [MainThread] - [user_manage_v4.py-line:144] [DEBUG] joe login success!
[2019-06-27 21:36:33,467] - [MainThread] - [user_manage_v4.py-line:144] [DEBUG] joe login success!
[2019-06-27 21:37:06,158] - [MainThread] - [user_manage_v4.py-line:144] [DEBUG] joe login success!
[2019-06-27 22:09:20,615] - [MainThread] - [user_manage_v4.py-line:144] [DEBUG] joe login success!
[2019-06-27 22:17:39,768] - [MainThread] - [user_manage_v4.py-line:144] [DEBUG] joe login success!
[2019-06-27 22:24:08,421] - [MainThread] - [user_manage_v4.py-line:144] [DEBUG] joe login success!
[2019-06-27 22:27:03,531] - [MainThread] - [user_manage_v4.py-line:144] [DEBUG] joe login success!
[2019-06-27 22:32:03,217] - [MainThread] - [user_manage_v4.py-line:144] [DEBUG] joe login success!
[2019-06-27 22:32:41,986] - [MainThread] - [user_manage_v4.py-line:144] [DEBUG] joe login success!
[2019-06-27 22:34:09,866] - [MainThread] - [user_manage_v4.py-line:144] [DEBUG] joe login success!
[2019-06-27 22:34:37,048] - [MainThread] - [user_manage_v4.py-line:144] [DEBUG] joe login success!
[2019-06-27 22:37:52,323] - [MainThread] - [user_manage_v4.py-line:144] [DEBUG] joe login success!
[2019-06-27 22:39:14,150] - [MainThread] - [user_manage_v4.py-line:144] [DEBUG] joe login success!
[2019-06-27 22:49:07,521] - [MainThread] - [user_manage_v4.py-line:144] [DEBUG] joe login success!
[2019-06-27 22:51:33,264] - [MainThread] - [user_manage_v4.py-line:144] [DEBUG] joe login success!
[2019-06-27 22:54:24,135] - [MainThread] - [user_manage_v4.py-line:144] [DEBUG] joe login success!
[2019-06-27 22:54:36,106] - [MainThread] - [user_manage_v4.py-line:144] [DEBUG] joe login success!
[2019-06-27 22:58:52,991] - [MainThread] - [user_manage_v4.py-line:144] [DEBUG] joe login success!
[2019-06-27 23:07:19,478] - [MainThread] - [user_manage_v4.py-line:144] [DEBUG] joe1 username or password error!
[2019-06-27 23:07:23,949] - [MainThread] - [user_manage_v4.py-line:144] [DEBUG] joe2 username or password error!
[2019-06-27 23:07:27,884] - [MainThread] - [user_manage_v4.py-line:144] [DEBUG] joe3 username or password error!
[2019-06-27 23:07:31,292] - [MainThread] - [user_manage_v4.py-line:144] [DEBUG] joe4 username or password error!
[2019-06-27 23:07:34,386] - [MainThread] - [user_manage_v4.py-line:144] [DEBUG] joe5 username or password error!
[2019-06-27 23:07:39,550] - [MainThread] - [user_manage_v4.py-line:144] [DEBUG] joe6 username or password error!
[2019-06-27 23:08:02,651] - [MainThread] - [user_manage_v4.py-line:144] [DEBUG] joe username or password error!
[2019-06-27 23:08:05,643] - [MainThread] - [user_manage_v4.py-line:144] [DEBUG] joe2 username or password error!
[2019-06-27 23:08:08,611] - [MainThread] - [user_manage_v4.py-line:144] [DEBUG] joe3 username or password error!
[2019-06-27 23:08:10,663] - [MainThread] - [user_manage_v4.py-line:144] [DEBUG] joe4 username or password error!
[2019-06-27 23:08:13,368] - [MainThread] - [user_manage_v4.py-line:144] [DEBUG] joe5 username or password error!
[2019-06-27 23:08:28,686] - [MainThread] - [user_manage_v4.py-line:144] [DEBUG] joe6 username or password error!
[2019-06-27 23:09:06,265] - [MainThread] - [user_manage_v4.py-line:144] [DEBUG] joe login success!
[2019-06-27 23:09:45,090] - [MainThread] - [user_manage_v4.py-line:143] [DEBUG] joe login success!
[2019-06-27 23:18:28,765] - [MainThread] - [user_manage_v4.py-line:143] [DEBUG] joe login success!
[2019-06-27 23:20:55,035] - [MainThread] - [user_manage_v4.py-line:143] [DEBUG] joe login success!
[2019-06-27 23:27:36,478] - [MainThread] - [user_manage_v4.py-line:143] [DEBUG] joe login success!
[2019-06-27 23:30:29,188] - [MainThread] - [user_manage_v4.py-line:143] [DEBUG] joe login success!
[2019-06-28 08:58:47,480] - [MainThread] - [user_manage_v4.py-line:144] [DEBUG] joe login success!
[2019-06-28 08:58:52,942] - [MainThread] - [user_manage_v4.py-line:144] [DEBUG] joedelete data success!
[2019-06-28 08:59:12,018] - [MainThread] - [user_manage_v4.py-line:144] [DEBUG] joe login success!
[2019-06-28 08:59:26,873] - [MainThread] - [user_manage_v4.py-line:144] [DEBUG] joe delete data success!
[2019-06-28 09:01:10,200] - [MainThread] - [user_manage_v4.py-line:144] [DEBUG] joe login success!
[2019-06-28 09:01:29,473] - [MainThread] - [user_manage_v4.py-line:144] [DEBUG] joe delete data success!
[2019-06-28 09:01:58,253] - [MainThread] - [user_manage_v4.py-line:144] [DEBUG] joe delete data success!
[2019-06-28 09:03:07,187] - [MainThread] - [user_manage_v4.py-line:144] [DEBUG] joe login success!
[2019-06-28 09:03:33,349] - [MainThread] - [user_manage_v4.py-line:144] [DEBUG] joe delete data success! may
[2019-06-28 09:03:47,519] - [MainThread] - [user_manage_v4.py-line:144] [DEBUG] joe user not exist! joe
[2019-07-04 14:39:10,408] - [MainThread] - [user_manage_v4.py-line:144] [DEBUG] joe login success!
[2019-07-04 14:39:35,311] - [MainThread] - [user_manage_v4.py-line:144] [DEBUG] joe delete data success! joe
[2019-07-04 14:41:17,116] - [MainThread] - [user_manage_v4.py-line:144] [DEBUG] joe login success!
[2019-07-04 14:46:03,051] - [MainThread] - [user_manage_v4.py-line:144] [DEBUG] joe login success!
[2019-07-04 14:46:08,194] - [MainThread] - [user_manage_v4.py-line:144] [DEBUG] joe delete data success! joe
[2019-07-04 14:48:32,880] - [MainThread] - [user_manage_v4.py-line:144] [DEBUG] joe login success!
[2019-07-04 14:51:38,870] - [MainThread] - [user_manage_v4.py-line:144] [DEBUG] joe login success!
[2019-07-04 14:52:10,996] - [MainThread] - [user_manage_v4.py-line:144] [DEBUG] joe login success!
[2019-07-04 14:52:31,403] - [MainThread] - [user_manage_v4.py-line:144] [DEBUG] joe login success!
[2019-07-04 14:52:44,695] - [MainThread] - [user_manage_v4.py-line:144] [DEBUG] joe login success!
[2019-07-04 14:53:58,166] - [MainThread] - [user_manage_v4.py-line:144] [DEBUG] joe login success!
[2019-07-04 14:55:01,269] - [MainThread] - [user_manage_v4.py-line:144] [DEBUG] joe login success!
[2019-07-04 14:56:12,745] - [MainThread] - [user_manage_v4.py-line:144] [DEBUG] joe login success!
[2019-07-04 14:56:41,009] - [MainThread] - [user_manage_v4.py-line:144] [DEBUG] joe login success!
