2019-05-30 09:40:09.list
2019-05-30 09:40:30.update monley1 set age = 20 
2019-05-30 09:40:30  22 has been modified to 20
2019-05-30 10:13:52.[A
2019-05-30 10:13:53.
2019-05-30 10:28:35  exit
2019-05-30 10:28:46  exut
2019-05-30 10:28:50  exit
2019-05-30 10:29:09  list
2019-05-30 10:29:12  exit
2019-05-30 10:29:19  exit
2019-05-30 10:29:20  
2019-05-30 10:29:20  
2019-05-30 10:29:20  
2019-05-30 10:32:55  
2019-05-30 10:32:57  
2019-05-30 10:32:58  
2019-05-30 10:32:59  
2019-05-30 10:33:00  exit
2019-05-30 10:33:03  
2019-05-30 10:33:04  
2019-05-30 10:33:04  
2019-05-30 10:33:04  
2019-05-30 10:33:04  
2019-05-30 10:33:04  
2019-05-30 10:33:05  
2019-05-30 10:33:06  
2019-05-30 10:33:08  exit
2019-05-30 10:40:35  exit
2019-05-30 10:46:09  exit
