2019-06-17 17:32:33,145 - root - user [51reboot] login success.
2019-06-17 17:38:03,131 - root - user [51reboot] login success.
2019-06-17 17:39:31,164 - root - user [51reboot] login success.
2019-06-17 17:40:37,870 - root - user [51reboot] login success.
2019-06-17 17:46:09,891 - root - user [51reboot] login success.
2019-06-17 17:46:17,349 - root - 添加失败lxj7已存在
2019-06-17 18:00:30,987 - root - 用户lxj7删除成功
2019-06-17 18:00:47,066 - root - 用户lxj7更新成功
2019-06-17 18:01:36,602 - root - user [51reboot] login success.
2019-06-17 18:02:49,670 - root - user [51reboot] login success.
2019-06-17 18:05:44,587 - root - user [51reboot] login success.
2019-06-17 18:05:50,752 - root - 用户lxj1更新成功
2019-06-17 18:06:28,501 - root - 用户lxj7已经存在
2019-06-17 18:07:11,593 - root - user [51reboot] login success.
2019-06-17 18:07:16,958 - root - 用户lxj7已经存在
2019-06-17 18:29:29,328 - root - user [51reboot] login success.
2019-06-17 18:29:37,383 - root - 用户lxj12添加成功
2019-06-17 18:29:52,420 - root - 用户lxj12已经存在
2019-06-17 18:29:52,420 - root - 用户lxj12添加成功
2019-06-17 18:30:31,302 - root - 用户lxj12已经存在
2019-06-17 18:30:31,302 - root - 用户lxj12添加成功
2019-06-17 18:31:36,244 - root - user [51reboot] login success.
2019-06-17 18:31:41,509 - root - 用户lxj12添加成功
2019-06-17 18:34:08,902 - root - user [51reboot] login success.
2019-06-17 18:35:49,906 - root - user [51reboot] login success.
2019-06-17 18:45:35,687 - root - user [51reboot] login success.
2019-06-17 18:45:51,693 - root - 用户lxj3已经存在
2019-06-17 18:50:00,701 - root - user [51reboot] login success.
2019-06-17 18:50:10,270 - root - 用户lxj3已经存在
2019-06-17 18:50:24,186 - root - 用户lxj31添加成功
2019-06-17 18:51:12,598 - root - user [51reboot] login success.
2019-06-17 18:51:16,781 - root - 用户lxj31添加成功
2019-06-17 19:01:04,058 - root - user [51reboot] login success.
2019-06-17 19:01:04,058 - root - user [51reboot] login success.
2019-06-17 19:06:00,599 - root - user [51reboot] login success.
